1583571282657	mozrunner::runner	INFO	Running command: "C:\\Program Files\\Mozilla Firefox\\firefox.exe" "-marionette" "-foreground" "-no-remote" "-profile" "C:\\Users\\MARTIN~1\\AppData\\Local\\Temp\\rust_mozprofilepMLBIt"
1583571283131	addons.webextension.doh-rollout@mozilla.org	WARN	Loading extension 'doh-rollout@mozilla.org': Reading manifest: Invalid extension permission: networkStatus
1583571283743	addons.webextension.screenshots@mozilla.org	WARN	Loading extension 'screenshots@mozilla.org': Reading manifest: Invalid extension permission: mozillaAddons
1583571283743	addons.webextension.screenshots@mozilla.org	WARN	Loading extension 'screenshots@mozilla.org': Reading manifest: Invalid extension permission: telemetry
1583571283744	addons.webextension.screenshots@mozilla.org	WARN	Loading extension 'screenshots@mozilla.org': Reading manifest: Invalid extension permission: resource://pdf.js/
1583571283744	addons.webextension.screenshots@mozilla.org	WARN	Loading extension 'screenshots@mozilla.org': Reading manifest: Invalid extension permission: about:reader*
JavaScript error: resource://gre/modules/XULStore.jsm, line 66: Error: Can't find profile directory.
1583571285989	Marionette	INFO	Listening on port 51102
1583571286279	Marionette	WARN	TLS certificate errors will be ignored for this session
1583571287626	Marionette	INFO	Stopped listening on port 51102

###!!! [Child][RunMessage] Error: Channel closing: too late to send/recv, messages will be lost


###!!! [Child][MessageChannel::SendAndWait] Error: Channel error: cannot send/recv

1583571310822	mozrunner::runner	INFO	Running command: "C:\\Program Files\\Mozilla Firefox\\firefox.exe" "-marionette" "-foreground" "-no-remote" "-profile" "C:\\Users\\MARTIN~1\\AppData\\Local\\Temp\\rust_mozprofile061S0q"
1583571311284	addons.webextension.doh-rollout@mozilla.org	WARN	Loading extension 'doh-rollout@mozilla.org': Reading manifest: Invalid extension permission: networkStatus
1583571311880	addons.webextension.screenshots@mozilla.org	WARN	Loading extension 'screenshots@mozilla.org': Reading manifest: Invalid extension permission: mozillaAddons
1583571311880	addons.webextension.screenshots@mozilla.org	WARN	Loading extension 'screenshots@mozilla.org': Reading manifest: Invalid extension permission: telemetry
1583571311880	addons.webextension.screenshots@mozilla.org	WARN	Loading extension 'screenshots@mozilla.org': Reading manifest: Invalid extension permission: resource://pdf.js/
1583571311880	addons.webextension.screenshots@mozilla.org	WARN	Loading extension 'screenshots@mozilla.org': Reading manifest: Invalid extension permission: about:reader*
JavaScript error: resource://gre/modules/XULStore.jsm, line 66: Error: Can't find profile directory.
1583571314414	Marionette	INFO	Listening on port 51138
1583571314461	Marionette	WARN	TLS certificate errors will be ignored for this session
1583571315182	Marionette	INFO	Stopped listening on port 51138
1583571315465	addons.xpi	WARN	Addon with ID amazondotcom@search.mozilla.org already installed, older version will be disabled
1583571315466	addons.xpi-utils	WARN	Error: XPI database modified after shutdown began(resource://gre/modules/addons/XPIDatabase.jsm:1464:17) JS Stack trace: saveChanges@XPIDatabase.jsm:1464:17
makeAddonVisible@XPIDatabase.jsm:2267:10
addToDatabase@XPIDatabase.jsm:2194:12
install@XPIInstall.jsm:4338:27
update@XPIProvider.jsm:2046:13
1583571315466	addons.xpi-utils	WARN	Error: XPI database modified after shutdown began(resource://gre/modules/addons/XPIDatabase.jsm:1464:17) JS Stack trace: saveChanges@XPIDatabase.jsm:1464:17
addToDatabase@XPIDatabase.jsm:2197:10
install@XPIInstall.jsm:4338:27
update@XPIProvider.jsm:2046:13
1583571315592	addons.xpi	WARN	Addon with ID bing@search.mozilla.org already installed, older version will be disabled
1583571315592	addons.xpi-utils	WARN	Error: XPI database modified after shutdown began(resource://gre/modules/addons/XPIDatabase.jsm:1464:17) JS Stack trace: saveChanges@XPIDatabase.jsm:1464:17
makeAddonVisible@XPIDatabase.jsm:2267:10
addToDatabase@XPIDatabase.jsm:2194:12
install@XPIInstall.jsm:4338:27
update@XPIProvider.jsm:2046:13
1583571315593	addons.xpi-utils	WARN	Error: XPI database modified after shutdown began(resource://gre/modules/addons/XPIDatabase.jsm:1464:17) JS Stack trace: saveChanges@XPIDatabase.jsm:1464:17
addToDatabase@XPIDatabase.jsm:2197:10
install@XPIInstall.jsm:4338:27
update@XPIProvider.jsm:2046:13
1583571315615	addons.xpi	WARN	Addon with ID google@search.mozilla.org already installed, older version will be disabled
1583571315615	addons.xpi-utils	WARN	Error: XPI database modified after shutdown began(resource://gre/modules/addons/XPIDatabase.jsm:1464:17) JS Stack trace: saveChanges@XPIDatabase.jsm:1464:17
makeAddonVisible@XPIDatabase.jsm:2267:10
addToDatabase@XPIDatabase.jsm:2194:12
install@XPIInstall.jsm:4338:27
update@XPIProvider.jsm:2046:13
1583571315615	addons.xpi-utils	WARN	Error: XPI database modified after shutdown began(resource://gre/modules/addons/XPIDatabase.jsm:1464:17) JS Stack trace: saveChanges@XPIDatabase.jsm:1464:17
addToDatabase@XPIDatabase.jsm:2197:10
install@XPIInstall.jsm:4338:27
update@XPIProvider.jsm:2046:13
1583571315640	addons.xpi	WARN	Addon with ID twitter@search.mozilla.org already installed, older version will be disabled
1583571315643	addons.xpi-utils	WARN	Error: XPI database modified after shutdown began(resource://gre/modules/addons/XPIDatabase.jsm:1464:17) JS Stack trace: saveChanges@XPIDatabase.jsm:1464:17
makeAddonVisible@XPIDatabase.jsm:2267:10
addToDatabase@XPIDatabase.jsm:2194:12
install@XPIInstall.jsm:4338:27
update@XPIProvider.jsm:2046:13
1583571315643	addons.xpi-utils	WARN	Error: XPI database modified after shutdown began(resource://gre/modules/addons/XPIDatabase.jsm:1464:17) JS Stack trace: saveChanges@XPIDatabase.jsm:1464:17
addToDatabase@XPIDatabase.jsm:2197:10
install@XPIInstall.jsm:4338:27
update@XPIProvider.jsm:2046:13
1583571315690	addons.xpi	WARN	Addon with ID wikipedia@search.mozilla.org already installed, older version will be disabled
1583571315690	addons.xpi-utils	WARN	Error: XPI database modified after shutdown began(resource://gre/modules/addons/XPIDatabase.jsm:1464:17) JS Stack trace: saveChanges@XPIDatabase.jsm:1464:17
makeAddonVisible@XPIDatabase.jsm:2267:10
addToDatabase@XPIDatabase.jsm:2194:12
install@XPIInstall.jsm:4338:27
update@XPIProvider.jsm:2046:13
1583571315691	addons.xpi-utils	WARN	Error: XPI database modified after shutdown began(resource://gre/modules/addons/XPIDatabase.jsm:1464:17) JS Stack trace: saveChanges@XPIDatabase.jsm:1464:17
addToDatabase@XPIDatabase.jsm:2197:10
install@XPIInstall.jsm:4338:27
update@XPIProvider.jsm:2046:13
1583571315712	addons.xpi	WARN	Addon with ID ddg@search.mozilla.org already installed, older version will be disabled
1583571315713	addons.xpi-utils	WARN	Error: XPI database modified after shutdown began(resource://gre/modules/addons/XPIDatabase.jsm:1464:17) JS Stack trace: saveChanges@XPIDatabase.jsm:1464:17
makeAddonVisible@XPIDatabase.jsm:2267:10
addToDatabase@XPIDatabase.jsm:2194:12
install@XPIInstall.jsm:4338:27
update@XPIProvider.jsm:2046:13
1583571315713	addons.xpi-utils	WARN	Error: XPI database modified after shutdown began(resource://gre/modules/addons/XPIDatabase.jsm:1464:17) JS Stack trace: saveChanges@XPIDatabase.jsm:1464:17
addToDatabase@XPIDatabase.jsm:2197:10
install@XPIInstall.jsm:4338:27
update@XPIProvider.jsm:2046:13

###!!! [Child][RunMessage] Error: Channel closing: too late to send/recv, messages will be lost


###!!! [Child][MessageChannel::SendAndWait] Error: Channel error: cannot send/recv

1583571354161	mozrunner::runner	INFO	Running command: "C:\\Program Files\\Mozilla Firefox\\firefox.exe" "-marionette" "-foreground" "-no-remote" "-profile" "C:\\Users\\MARTIN~1\\AppData\\Local\\Temp\\rust_mozprofileMZ3ZMs"
1583571354628	addons.webextension.doh-rollout@mozilla.org	WARN	Loading extension 'doh-rollout@mozilla.org': Reading manifest: Invalid extension permission: networkStatus
1583571355205	addons.webextension.screenshots@mozilla.org	WARN	Loading extension 'screenshots@mozilla.org': Reading manifest: Invalid extension permission: mozillaAddons
1583571355206	addons.webextension.screenshots@mozilla.org	WARN	Loading extension 'screenshots@mozilla.org': Reading manifest: Invalid extension permission: telemetry
1583571355206	addons.webextension.screenshots@mozilla.org	WARN	Loading extension 'screenshots@mozilla.org': Reading manifest: Invalid extension permission: resource://pdf.js/
1583571355206	addons.webextension.screenshots@mozilla.org	WARN	Loading extension 'screenshots@mozilla.org': Reading manifest: Invalid extension permission: about:reader*
JavaScript error: resource://gre/modules/XULStore.jsm, line 66: Error: Can't find profile directory.
1583571357870	Marionette	INFO	Listening on port 51179
1583571358290	Marionette	WARN	TLS certificate errors will be ignored for this session
1583571359065	Marionette	INFO	Stopped listening on port 51179

###!!! [Child][RunMessage] Error: Channel closing: too late to send/recv, messages will be lost


###!!! [Child][MessageChannel::SendAndWait] Error: Channel error: cannot send/recv

